\BOOKMARK [1][-]{section.1}{Introduction}{}% 1
\BOOKMARK [1][-]{section.2}{Task Analysis}{}% 2
\BOOKMARK [2][-]{subsection.2.1}{Who is Involved}{section.2}% 3
\BOOKMARK [2][-]{subsection.2.2}{Tasks the System Performs}{section.2}% 4
\BOOKMARK [2][-]{subsection.2.3}{How Tasks and Data Relate}{section.2}% 5
\BOOKMARK [2][-]{subsection.2.4}{How Tasks are Related}{section.2}% 6
\BOOKMARK [1][-]{section.3}{High-Level Design}{}% 7
\BOOKMARK [2][-]{subsection.3.1}{Sketches of UI}{section.3}% 8
\BOOKMARK [1][-]{section.4}{Prototype Link}{}% 9
\BOOKMARK [1][-]{section.5}{Evaluation of Prototype}{}% 10
\BOOKMARK [2][-]{subsection.5.1}{Shneiderman's 8 Golden Rules}{section.5}% 11
\BOOKMARK [3][-]{subsubsection.5.1.1}{1. Strive for Consistency}{subsection.5.1}% 12
\BOOKMARK [3][-]{subsubsection.5.1.2}{2. Cater to Universal Usability}{subsection.5.1}% 13
\BOOKMARK [3][-]{subsubsection.5.1.3}{3. Offer Informative Feedback}{subsection.5.1}% 14
\BOOKMARK [3][-]{subsubsection.5.1.4}{4. Design Dialogs to Yield Closure}{subsection.5.1}% 15
\BOOKMARK [3][-]{subsubsection.5.1.5}{5. Prevent Errors}{subsection.5.1}% 16
\BOOKMARK [3][-]{subsubsection.5.1.6}{6. Permit Easy Reversal of Actions}{subsection.5.1}% 17
\BOOKMARK [3][-]{subsubsection.5.1.7}{7. Support Internal Locus of Control}{subsection.5.1}% 18
\BOOKMARK [3][-]{subsubsection.5.1.8}{8. Reduce Short-term Memory Load}{subsection.5.1}% 19
\BOOKMARK [2][-]{subsection.5.2}{Personal Evaluation}{section.5}% 20
